{
  "RSpec": {
    "coverage": {
      "/Users/lockstep/Desktop/lockstep-sdk-ruby-rails/spec/models/lockstep/active_records/association_spec.rb": {
        "lines": [
          1,
          1,
          null,
          1,
          1,
          null,
          1,
          2,
          2,
          null,
          2,
          2,
          null,
          null,
          2,
          1,
          null,
          null,
          null,
          2,
          1,
          null,
          null,
          null,
          null,
          null,
          3,
          null,
          1,
          1,
          1,
          1,
          1,
          1,
          null,
          null,
          null,
          null,
          1,
          1,
          1,
          1,
          1,
          1,
          null,
          null,
          null,
          null
        ]
      },
      "/Users/lockstep/Desktop/lockstep-sdk-ruby-rails/spec/rails_helper.rb": {
        "lines": [
          null,
          1,
          1,
          null,
          1,
          null,
          1,
          1,
          1,
          null,
          null,
          null,
          null,
          null,
          null,
          null,
          null,
          null,
          null,
          null,
          null,
          null,
          null,
          null,
          null,
          null,
          1,
          null,
          1,
          null,
          null,
          null,
          null,
          null,
          null,
          null,
          null,
          null,
          null,
          null,
          null,
          null,
          null,
          null,
          null,
          null,
          null,
          null,
          null,
          null,
          1,
          null,
          null,
          1,
          null,
          null,
          null,
          null,
          1,
          1,
          1,
          1,
          47,
          null,
          1,
          47,
          null,
          1,
          47,
          null,
          null
        ]
      },
      "/Users/lockstep/Desktop/lockstep-sdk-ruby-rails/spec/dummy/config/environment.rb": {
        "lines": [
          null,
          1,
          null,
          null,
          1
        ]
      },
      "/Users/lockstep/Desktop/lockstep-sdk-ruby-rails/spec/dummy/config/application.rb": {
        "lines": [
          1,
          null,
          1,
          null,
          1,
          1,
          null,
          null,
          1,
          1,
          1,
          1,
          1,
          null,
          1,
          1,
          null,
          1,
          1,
          null,
          1,
          null,
          null,
          null,
          null,
          null,
          null,
          null,
          null
        ]
      },
      "/Users/lockstep/Desktop/lockstep-sdk-ruby-rails/spec/dummy/config/boot.rb": {
        "lines": [
          null,
          1,
          null,
          1,
          1
        ]
      },
      "/Users/lockstep/Desktop/lockstep-sdk-ruby-rails/lib/lockstep_rails.rb": {
        "lines": [
          1,
          null,
          1,
          null,
          null
        ]
      },
      "/Users/lockstep/Desktop/lockstep-sdk-ruby-rails/lib/lockstep_rails/engine.rb": {
        "lines": [
          1,
          1,
          null,
          null
        ]
      },
      "/Users/lockstep/Desktop/lockstep-sdk-ruby-rails/spec/dummy/config/environments/test.rb": {
        "lines": [
          null,
          null,
          null,
          null,
          null,
          1,
          null,
          null,
          1,
          1,
          null,
          null,
          null,
          null,
          1,
          null,
          null,
          1,
          1,
          null,
          null,
          null,
          null,
          1,
          1,
          1,
          null,
          null,
          1,
          null,
          null,
          1,
          null,
          1,
          null,
          null,
          null,
          null,
          1,
          null,
          null,
          1,
          null,
          null,
          null,
          null
        ]
      },
      "/Users/lockstep/Desktop/lockstep-sdk-ruby-rails/spec/dummy/config/initializers/application_controller_renderer.rb": {
        "lines": [
          null,
          null,
          null,
          null,
          null,
          null,
          null,
          null
        ]
      },
      "/Users/lockstep/Desktop/lockstep-sdk-ruby-rails/spec/dummy/config/initializers/backtrace_silencers.rb": {
        "lines": [
          null,
          null,
          null,
          null,
          null,
          null,
          null
        ]
      },
      "/Users/lockstep/Desktop/lockstep-sdk-ruby-rails/spec/dummy/config/initializers/content_security_policy.rb": {
        "lines": [
          null,
          null,
          null,
          null,
          null,
          null,
          null,
          null,
          null,
          null,
          null,
          null,
          null,
          null,
          null,
          null,
          null,
          null,
          null,
          null,
          null,
          null,
          null,
          null,
          null,
          null,
          null,
          null
        ]
      },
      "/Users/lockstep/Desktop/lockstep-sdk-ruby-rails/spec/dummy/config/initializers/cookies_serializer.rb": {
        "lines": [
          null,
          null,
          null,
          null,
          1
        ]
      },
      "/Users/lockstep/Desktop/lockstep-sdk-ruby-rails/spec/dummy/config/initializers/filter_parameter_logging.rb": {
        "lines": [
          null,
          null,
          null,
          1
        ]
      },
      "/Users/lockstep/Desktop/lockstep-sdk-ruby-rails/spec/dummy/config/initializers/inflections.rb": {
        "lines": [
          null,
          null,
          null,
          null,
          null,
          null,
          null,
          null,
          null,
          null,
          null,
          null,
          null,
          null,
          null,
          null
        ]
      },
      "/Users/lockstep/Desktop/lockstep-sdk-ruby-rails/spec/dummy/config/initializers/mime_types.rb": {
        "lines": [
          null,
          null,
          null,
          null
        ]
      },
      "/Users/lockstep/Desktop/lockstep-sdk-ruby-rails/spec/dummy/config/initializers/wrap_parameters.rb": {
        "lines": [
          null,
          null,
          null,
          null,
          null,
          null,
          1,
          1,
          null
        ]
      },
      "/Users/lockstep/Desktop/lockstep-sdk-ruby-rails/spec/dummy/config/routes.rb": {
        "lines": [
          1,
          null,
          null
        ]
      },
      "/Users/lockstep/Desktop/lockstep-sdk-ruby-rails/config/routes.rb": {
        "lines": [
          1,
          null
        ]
      },
      "/Users/lockstep/Desktop/lockstep-sdk-ruby-rails/spec/dummy/app/helpers/application_helper.rb": {
        "lines": [
          1,
          null
        ]
      },
      "/Users/lockstep/Desktop/lockstep-sdk-ruby-rails/spec/shared/auth.rb": {
        "lines": [
          1,
          5,
          25,
          null,
          null
        ]
      },
      "/Users/lockstep/Desktop/lockstep-sdk-ruby-rails/spec/models/lockstep/api_record/association_spec.rb": {
        "lines": [
          1,
          1,
          null,
          1,
          1,
          null,
          1,
          1,
          1,
          1,
          1,
          1,
          1,
          1,
          null,
          null,
          null,
          null,
          1,
          1,
          1,
          1,
          1,
          1,
          null,
          null,
          null,
          1,
          1,
          null,
          null,
          null,
          1,
          null,
          null,
          null,
          1,
          1,
          1,
          1,
          1,
          1,
          1,
          1,
          null,
          null,
          1,
          1,
          1,
          1,
          1,
          null,
          null,
          null,
          null,
          1,
          1,
          1,
          1,
          1,
          1,
          1,
          1,
          null,
          null,
          1,
          1,
          1,
          1,
          1,
          null,
          null,
          null,
          null,
          1,
          1,
          null,
          null,
          null,
          1,
          1,
          1,
          1,
          1,
          1,
          null,
          null,
          1,
          1,
          1,
          1,
          null,
          null,
          null,
          null,
          null
        ]
      },
      "/Users/lockstep/Desktop/lockstep-sdk-ruby-rails/spec/models/lockstep/api_record/auth_spec.rb": {
        "lines": [
          1,
          1,
          null,
          1,
          1,
          null,
          1,
          1,
          1,
          1,
          null,
          null,
          1,
          1,
          1,
          2,
          null,
          null,
          null,
          null,
          1,
          1,
          1,
          1,
          1,
          1,
          1,
          1,
          null,
          null,
          null,
          null,
          null
        ]
      },
      "/Users/lockstep/Desktop/lockstep-sdk-ruby-rails/spec/models/lockstep/api_record/crud_spec.rb": {
        "lines": [
          1,
          1,
          null,
          1,
          1,
          null,
          1,
          1,
          1,
          1,
          1,
          1,
          1,
          null,
          null,
          null,
          1,
          1,
          2,
          null,
          null,
          null,
          null,
          1,
          1,
          1,
          1,
          1,
          1,
          1,
          null,
          null,
          null,
          1,
          1,
          1,
          null,
          null,
          null,
          null,
          1,
          1,
          1,
          1,
          1,
          1,
          1,
          null,
          null,
          null,
          1,
          1,
          1,
          null,
          null,
          null,
          null,
          1,
          1,
          1,
          1,
          1,
          1,
          1,
          1,
          1,
          null,
          null,
          null,
          null,
          1,
          1,
          1,
          1,
          1,
          null,
          null,
          null,
          null,
          1,
          1,
          1,
          1,
          1,
          1,
          null,
          null,
          null,
          1,
          1,
          1,
          1,
          1,
          1,
          null,
          null,
          null,
          null,
          1,
          1,
          1,
          1,
          1,
          2,
          null,
          null,
          null,
          1,
          1,
          1,
          1,
          1,
          1,
          1,
          1,
          1,
          1,
          1,
          null,
          null,
          null,
          null,
          1,
          1,
          1,
          1,
          1,
          1,
          1,
          1,
          1,
          1,
          null,
          null,
          null,
          null,
          null,
          null,
          null,
          null,
          null,
          null,
          null,
          null,
          null,
          null,
          null,
          null,
          1,
          1,
          1,
          1,
          1,
          1,
          1,
          null,
          null,
          null,
          null,
          1,
          null,
          1,
          1,
          1,
          1,
          1,
          1,
          1,
          null,
          null,
          null,
          null,
          null
        ]
      },
      "/Users/lockstep/Desktop/lockstep-sdk-ruby-rails/spec/models/lockstep/api_record/data_types_spec.rb": {
        "lines": [

        ]
      },
      "/Users/lockstep/Desktop/lockstep-sdk-ruby-rails/spec/models/lockstep/api_record/enum_spec.rb": {
        "lines": [
          1,
          null,
          1,
          null,
          1,
          null,
          1,
          1,
          1,
          null,
          1,
          null,
          null,
          null,
          1,
          5,
          5,
          null,
          5,
          null,
          null,
          null,
          1,
          1,
          1,
          1,
          1,
          null,
          null,
          1,
          1,
          1,
          1,
          1,
          null,
          null,
          1,
          1,
          1,
          1,
          1,
          1,
          null,
          null,
          1,
          1,
          1,
          1,
          1,
          1,
          null,
          null,
          1,
          1,
          1,
          1,
          null,
          null,
          1,
          1,
          1,
          1,
          1,
          null,
          null,
          1,
          1,
          1,
          null,
          1,
          1,
          1,
          1,
          1,
          1,
          1,
          null,
          null,
          null,
          null
        ]
      },
      "/Users/lockstep/Desktop/lockstep-sdk-ruby-rails/spec/models/lockstep/api_record/polymorphic_spec.rb": {
        "lines": [
          1,
          1,
          null,
          1,
          1,
          null,
          1,
          null,
          1,
          1,
          1,
          1,
          1,
          1,
          1,
          null,
          null,
          null,
          null
        ]
      },
      "/Users/lockstep/Desktop/lockstep-sdk-ruby-rails/spec/models/lockstep/api_record/scopes_spec.rb": {
        "lines": [
          1,
          null,
          1,
          null,
          1,
          5,
          null,
          5,
          5,
          5,
          null,
          10,
          null,
          9,
          8,
          null,
          null,
          null,
          1,
          1,
          1,
          null,
          null,
          null,
          1,
          1,
          1,
          1,
          null,
          null,
          1,
          1,
          1,
          null,
          null,
          null,
          1,
          1,
          1,
          1,
          null,
          null,
          null,
          1,
          1,
          1,
          1,
          1,
          null,
          1,
          1,
          null,
          null,
          null,
          null
        ]
      },
      "/Users/lockstep/Desktop/lockstep-sdk-ruby-rails/spec/models/lockstep/query_spec.rb": {
        "lines": [
          1,
          null,
          1,
          null,
          1,
          1,
          1,
          null,
          null,
          null,
          null,
          1,
          1,
          1,
          1,
          1,
          null,
          null,
          null,
          null,
          null
        ]
      },
      "/Users/lockstep/Desktop/lockstep-sdk-ruby-rails/spec/models/lockstep/relation_array_spec.rb": {
        "lines": [

        ]
      },
      "/Users/lockstep/Desktop/lockstep-sdk-ruby-rails/app/concepts/lockstep/client.rb": {
        "lines": [
          1,
          1,
          1,
          1,
          null,
          1,
          1,
          null,
          null,
          1,
          1,
          1,
          null,
          1,
          null,
          null,
          1,
          47,
          null,
          null,
          1,
          25,
          25,
          null,
          25,
          null,
          null,
          1,
          92,
          null,
          null,
          null,
          null,
          null,
          null,
          null,
          1,
          44,
          44,
          null,
          0,
          null,
          0,
          null,
          44,
          null,
          null,
          null,
          null,
          null,
          null,
          null,
          1,
          0,
          null,
          0,
          null,
          null,
          null,
          null,
          null,
          null,
          1,
          0,
          null,
          0,
          null,
          null,
          1,
          46,
          null,
          null,
          1,
          91,
          null,
          null,
          null,
          null,
          null,
          null,
          1,
          0,
          null,
          null,
          null,
          null,
          null,
          null,
          1,
          null,
          46,
          46,
          46,
          null,
          null,
          46,
          46,
          null,
          46,
          null,
          34,
          null,
          9,
          null,
          2,
          null,
          0,
          null,
          1,
          null,
          null,
          null,
          46,
          46,
          46,
          46,
          46,
          46,
          46,
          null,
          null,
          46,
          0,
          null,
          null,
          null,
          46,
          45,
          null,
          46,
          0,
          null,
          null,
          null,
          46,
          null,
          null,
          1,
          34,
          null,
          null,
          1,
          9,
          null,
          null,
          1,
          2,
          null,
          null,
          1,
          0,
          null,
          null,
          1,
          1,
          null,
          null,
          1,
          0,
          null,
          null,
          null
        ]
      },
      "/Users/lockstep/Desktop/lockstep-sdk-ruby-rails/app/concepts/lockstep/active_records/association.rb": {
        "lines": [
          1,
          1,
          null,
          1,
          null,
          null,
          null,
          1,
          1,
          3,
          null,
          null,
          1,
          3,
          null,
          null,
          1,
          2,
          null,
          null,
          null,
          null,
          2,
          1,
          1,
          null,
          1,
          null,
          1,
          1,
          0,
          null,
          1,
          1,
          0,
          0,
          null,
          1,
          1,
          null,
          null,
          1,
          null,
          null,
          null,
          1,
          2,
          null,
          null,
          null,
          null,
          2,
          1,
          1,
          null,
          1,
          null,
          1,
          1,
          0,
          null,
          1,
          null,
          null,
          1,
          null,
          null,
          null,
          null,
          1,
          4,
          null,
          null,
          1,
          6,
          null,
          null,
          null
        ]
      },
      "/Users/lockstep/Desktop/lockstep-sdk-ruby-rails/app/models/lockstep/contact.rb": {
        "lines": [
          1,
          1,
          1,
          1,
          null,
          1,
          null,
          1,
          null
        ]
      },
      "/Users/lockstep/Desktop/lockstep-sdk-ruby-rails/app/concepts/lockstep/api_record.rb": {
        "lines": [
          1,
          1,
          1,
          1,
          1,
          1,
          1,
          1,
          1,
          1,
          1,
          1,
          1,
          null,
          1,
          1,
          1,
          null,
          null,
          null,
          null,
          null,
          null,
          null,
          null,
          null,
          1,
          1,
          1,
          1,
          1,
          1,
          1,
          null,
          1,
          null,
          1,
          null,
          1,
          null,
          null,
          null,
          null,
          null,
          1,
          null,
          null,
          173,
          110,
          110,
          null,
          63,
          null,
          173,
          173,
          null,
          173,
          null,
          758,
          126,
          632,
          13,
          null,
          null,
          null,
          173,
          173,
          173,
          null,
          null,
          1,
          1199,
          null,
          null,
          1,
          765,
          null,
          null,
          null,
          null,
          null,
          null,
          1,
          380,
          null,
          380,
          380,
          380,
          39,
          null,
          null,
          39,
          4,
          null,
          null,
          39,
          null,
          null,
          380,
          380,
          380,
          0,
          null,
          0,
          null,
          null,
          null,
          null,
          null,
          null,
          null,
          null,
          1,
          0,
          null,
          null,
          1,
          0,
          null,
          null,
          null,
          null,
          null,
          null,
          null,
          1,
          31,
          31,
          31,
          null,
          31,
          31,
          31,
          31,
          31,
          null,
          31,
          31,
          31,
          31,
          null,
          null,
          null,
          null,
          null,
          null,
          null,
          null,
          null,
          null,
          null,
          null,
          null,
          null,
          null,
          null,
          1,
          33,
          33,
          33,
          null,
          33,
          33,
          33,
          33,
          33,
          null,
          33,
          33,
          33,
          33,
          null,
          null,
          null,
          null,
          null,
          null,
          1,
          5,
          185,
          null,
          null,
          5,
          15,
          105,
          15,
          null,
          null,
          5,
          17,
          119,
          17,
          null,
          null,
          null,
          1,
          0,
          0,
          null,
          null,
          1,
          0,
          0,
          0,
          null,
          null,
          null,
          null,
          1,
          851,
          1,
          0,
          null,
          0,
          null,
          null,
          null,
          null,
          1,
          0,
          null,
          null,
          null,
          1,
          2,
          2,
          2,
          2,
          null,
          2,
          2,
          null,
          null,
          2,
          0,
          0,
          0,
          null,
          0,
          0,
          null,
          null,
          0,
          null,
          0,
          null,
          null,
          null,
          null,
          1,
          851,
          0,
          0,
          null,
          null,
          null,
          null,
          1,
          183,
          851,
          851,
          null,
          null,
          null,
          null,
          null,
          null,
          null,
          null,
          null,
          null,
          null,
          null,
          null,
          null,
          null,
          null,
          null,
          null,
          null,
          null,
          null,
          null,
          null,
          null,
          null,
          null,
          null,
          1,
          1,
          null,
          null,
          1,
          122,
          null,
          119,
          null,
          null,
          null,
          1,
          0,
          null,
          null,
          1,
          73,
          null,
          null,
          1,
          5,
          null,
          5,
          null,
          null,
          1,
          1,
          null,
          null,
          1,
          44,
          null,
          null,
          null,
          1,
          44,
          0,
          null,
          null,
          44,
          null,
          44,
          44,
          44,
          44,
          44,
          null,
          null,
          null,
          1,
          0,
          null,
          null,
          null,
          null,
          null,
          1,
          null,
          null,
          null,
          null,
          null,
          null,
          44,
          null,
          null,
          1,
          1,
          null,
          null,
          1,
          34,
          null,
          null,
          null,
          null,
          null,
          null,
          null,
          null,
          null,
          null,
          null,
          null,
          null,
          null,
          null,
          null,
          null,
          null,
          null,
          null,
          null,
          null,
          null,
          null,
          null,
          null,
          null,
          null,
          null,
          null,
          null,
          null,
          null,
          null,
          null,
          null,
          null,
          null,
          null,
          null,
          null,
          1,
          1,
          2,
          null,
          20,
          2,
          null,
          null,
          1,
          null,
          null,
          null,
          null,
          null,
          null,
          null,
          null,
          null,
          null,
          null,
          null,
          null,
          null,
          null,
          1,
          2,
          null,
          null,
          2,
          null,
          2,
          null,
          2,
          4,
          0,
          null,
          null,
          null,
          9,
          null,
          null,
          2,
          null,
          2,
          null,
          null,
          null,
          null,
          null,
          null,
          1,
          0,
          1,
          1,
          0,
          0,
          null,
          null,
          null,
          1,
          1,
          null,
          null,
          null,
          null,
          1,
          null,
          1,
          null,
          null,
          null,
          null,
          null,
          null,
          null,
          null,
          null,
          null,
          null,
          null,
          null,
          null,
          null,
          null,
          null,
          null,
          null,
          null,
          null,
          null,
          null,
          null,
          null,
          null,
          null,
          null,
          null,
          null,
          null,
          null,
          null,
          null,
          null,
          null,
          null,
          null,
          null,
          null,
          null,
          null,
          null,
          null,
          null,
          null,
          null,
          null,
          null,
          1,
          7,
          null,
          7,
          6,
          null,
          5,
          null,
          null,
          null,
          null,
          1,
          4,
          null,
          4,
          4,
          0,
          null,
          null,
          4,
          null,
          null,
          null,
          null,
          1,
          50,
          null,
          null,
          1,
          0,
          null,
          null,
          1,
          null,
          1,
          0,
          null,
          null,
          null,
          null,
          null,
          null,
          1,
          6,
          6,
          6,
          6,
          null,
          null,
          null,
          null,
          null,
          null,
          null,
          null,
          null,
          1,
          0,
          null,
          null,
          1,
          null,
          null,
          null,
          67,
          null,
          49,
          49,
          539,
          0,
          0,
          null,
          null,
          49,
          49,
          null,
          49,
          null,
          null,
          1,
          19,
          3,
          null,
          16,
          null,
          null,
          null,
          1,
          11,
          null,
          null,
          null,
          1,
          10,
          null,
          null,
          null,
          null,
          1,
          0,
          null,
          null,
          1,
          13,
          13,
          15,
          0,
          15,
          0,
          null,
          15,
          null,
          null,
          13,
          null,
          null,
          1,
          7,
          7,
          7,
          7,
          null,
          0,
          null,
          null,
          null,
          0,
          null,
          null,
          0,
          null,
          null,
          1,
          15,
          7,
          7,
          null,
          null,
          1,
          2,
          null,
          2,
          null,
          null,
          4,
          2,
          2,
          null,
          null,
          null,
          1,
          103,
          10,
          10,
          null,
          10,
          10,
          null,
          10,
          10,
          null,
          null,
          1,
          null,
          null,
          null,
          53,
          null,
          null,
          10,
          null,
          null,
          null,
          1,
          9,
          8,
          null,
          8,
          null,
          8,
          null,
          8,
          1,
          1,
          1,
          1,
          1,
          1,
          1,
          null,
          null,
          null,
          0,
          0,
          0,
          null,
          0,
          null,
          0,
          0,
          0,
          null,
          null,
          null,
          1,
          13,
          13,
          null,
          13,
          null,
          13,
          13,
          13,
          13,
          null,
          null,
          1,
          13,
          13,
          13,
          15,
          null,
          null,
          0,
          0,
          0,
          0,
          0,
          0,
          null,
          null,
          null,
          0,
          null,
          null,
          0,
          0,
          null,
          0,
          0,
          null,
          null,
          null,
          null,
          0,
          0,
          0,
          0,
          0,
          0,
          0,
          null,
          null,
          null,
          0,
          null,
          0,
          null,
          null,
          null,
          0,
          0,
          null,
          null,
          null,
          null,
          null,
          null,
          null,
          null,
          null,
          null,
          null,
          null,
          null,
          13,
          13,
          13,
          null,
          null,
          1,
          0,
          null,
          null,
          1,
          0,
          0,
          null,
          null,
          1,
          1,
          1,
          1,
          1,
          1,
          null,
          0,
          null,
          null,
          1,
          0,
          null,
          0,
          0,
          0,
          0,
          null,
          0,
          null,
          null,
          1,
          0,
          null,
          null,
          1,
          0,
          null,
          null,
          null,
          1,
          1692,
          1692,
          null,
          null,
          1,
          0,
          0,
          0,
          null,
          null,
          0,
          null,
          null,
          1,
          97,
          97,
          null,
          0,
          0,
          0,
          null,
          0,
          null,
          0,
          null,
          0,
          null,
          0,
          null,
          0,
          null,
          null,
          null,
          0,
          0,
          0,
          null,
          null,
          null,
          null,
          null,
          97,
          13,
          null,
          4,
          null,
          9,
          9,
          null,
          84,
          1,
          null,
          1,
          null,
          0,
          0,
          null,
          null,
          83,
          null,
          null,
          97,
          null,
          null,
          null,
          1,
          0,
          null,
          null,
          1,
          7,
          0,
          null,
          null,
          7,
          null,
          0,
          7,
          0,
          null,
          null,
          7,
          7,
          7,
          null,
          null,
          1,
          172,
          null,
          null,
          1,
          111,
          null,
          null,
          null,
          1,
          2,
          null,
          null,
          1,
          121,
          null,
          null,
          1,
          85,
          null,
          null,
          null,
          1,
          0,
          null,
          null,
          1,
          0,
          null,
          null,
          null,
          1,
          40,
          null,
          3,
          null,
          null,
          1,
          0,
          null,
          0,
          null,
          null,
          1,
          0,
          null,
          null,
          1,
          0,
          null,
          null,
          1,
          0,
          null,
          null,
          1,
          null,
          null,
          null,
          1,
          899,
          0,
          null,
          899,
          null,
          null,
          null,
          1,
          5,
          5,
          null,
          5,
          null,
          5,
          5,
          null,
          4,
          null,
          4,
          0,
          null,
          4,
          null,
          4,
          4,
          null,
          4,
          4,
          1,
          null,
          1,
          null,
          4,
          4,
          null,
          null,
          1,
          1,
          0,
          null,
          1,
          null,
          null,
          null,
          null,
          5,
          5,
          null,
          null,
          null,
          null,
          null,
          null,
          null,
          null,
          null,
          null,
          null,
          null,
          null,
          null,
          null,
          null,
          null,
          null,
          null,
          null,
          null,
          null,
          null,
          null,
          null,
          null,
          null,
          null,
          null,
          null,
          null,
          null,
          1,
          665,
          null,
          null,
          1,
          657,
          null,
          null,
          1,
          8,
          null,
          8,
          3,
          8,
          5,
          5,
          null,
          0,
          null,
          null,
          null,
          23,
          null,
          8,
          8,
          8,
          15,
          2,
          2,
          null,
          1,
          null,
          null,
          15,
          16,
          null,
          null,
          null,
          null,
          null,
          null,
          1,
          7,
          3,
          3,
          null,
          0,
          null,
          null,
          null,
          1,
          0,
          0,
          null,
          0,
          null,
          0,
          null,
          0,
          0,
          0,
          null,
          null,
          null,
          null,
          null,
          1,
          1,
          0,
          null,
          null,
          1,
          0,
          null,
          null,
          null,
          1,
          0,
          null,
          null,
          1,
          0,
          null,
          null,
          null
        ]
      },
      "/Users/lockstep/Desktop/lockstep-sdk-ruby-rails/app/concepts/lockstep/query.rb": {
        "lines": [
          1,
          1,
          157,
          null,
          null,
          1,
          0,
          null,
          null,
          null,
          null,
          null,
          null,
          1,
          101,
          101,
          101,
          null,
          null,
          1,
          101,
          101,
          101,
          null,
          null,
          1,
          755,
          null,
          null,
          1,
          7,
          7,
          null,
          null,
          null,
          1,
          0,
          0,
          null,
          null,
          null,
          1,
          62,
          61,
          63,
          null,
          null,
          null,
          62,
          62,
          null,
          null,
          null,
          1,
          125,
          125,
          125,
          61,
          63,
          null,
          124,
          null,
          null,
          64,
          null,
          null,
          1,
          27,
          null,
          null,
          27,
          null,
          null,
          null,
          1,
          1,
          1,
          null,
          null,
          null,
          1,
          2,
          2,
          2,
          2,
          null,
          null,
          null,
          null,
          1,
          1,
          1,
          1,
          1,
          1,
          1,
          null,
          0,
          0,
          null,
          null,
          null,
          null,
          null,
          null,
          1,
          0,
          0,
          0,
          null,
          null,
          null,
          null,
          1,
          1,
          1,
          null,
          null,
          null,
          null,
          null,
          null,
          null,
          null,
          null,
          1,
          45,
          45,
          64,
          63,
          7,
          null,
          56,
          58,
          null,
          null,
          1,
          1,
          null,
          null,
          45,
          null,
          null,
          1,
          66,
          22,
          null,
          44,
          null,
          66,
          null,
          null,
          null,
          1,
          null,
          null,
          null,
          null,
          null,
          null,
          null,
          null,
          null,
          null,
          null,
          null,
          1,
          58,
          58,
          58,
          620,
          2,
          2,
          2,
          null,
          null,
          null,
          null,
          58,
          15,
          5,
          53,
          38,
          15,
          5,
          5,
          null,
          null,
          58,
          null,
          null,
          1,
          33,
          33,
          null,
          33,
          33,
          33,
          33,
          33,
          74,
          33,
          null,
          null,
          1,
          32,
          null,
          null,
          null,
          null,
          null,
          null,
          null,
          32,
          null,
          32,
          null,
          31,
          null,
          null,
          1,
          34,
          null,
          34,
          null,
          34,
          null,
          33,
          null,
          33,
          1,
          null,
          1,
          1,
          null,
          32,
          32,
          32,
          null,
          800,
          63,
          null,
          null,
          null,
          null,
          1,
          32,
          null,
          2,
          null,
          1,
          1,
          10,
          50,
          null,
          10,
          0,
          10,
          10,
          null,
          null,
          null,
          null,
          null,
          1,
          10,
          199,
          10,
          10,
          null,
          10,
          92,
          92,
          null,
          189,
          0,
          0,
          null,
          0,
          0,
          0,
          null,
          null,
          null,
          1,
          null,
          null,
          1,
          1,
          1,
          null,
          1,
          1,
          3,
          3,
          3,
          null,
          3,
          3,
          null,
          3,
          3,
          null,
          2,
          null,
          null,
          1,
          null,
          null,
          1,
          23,
          23,
          null,
          null,
          1,
          0,
          null,
          null,
          1,
          1,
          1,
          null,
          null,
          null,
          null,
          null,
          null,
          1,
          0,
          0,
          0,
          0,
          null,
          null,
          1,
          4,
          4,
          0,
          0,
          null,
          0,
          0,
          null,
          null,
          0,
          4,
          0,
          0,
          null,
          0,
          0,
          null,
          null,
          0,
          null,
          null,
          4,
          4,
          0,
          0,
          null,
          0,
          null,
          null,
          null,
          1,
          0,
          0,
          null,
          0,
          null,
          null,
          null,
          1,
          2,
          null,
          null,
          1,
          null,
          1,
          92,
          92,
          92,
          92,
          1195,
          1195,
          0,
          0,
          0,
          0,
          null,
          null,
          null,
          null,
          1195,
          0,
          0,
          0,
          null,
          null,
          0,
          1195,
          null,
          0,
          null,
          null,
          1195,
          null,
          null,
          null,
          92,
          null,
          null
        ]
      },
      "/Users/lockstep/Desktop/lockstep-sdk-ruby-rails/app/concepts/lockstep/query_methods.rb": {
        "lines": [
          null,
          1,
          null,
          1,
          1,
          1,
          1,
          52,
          52,
          10,
          null,
          null,
          52,
          null,
          null,
          1,
          1,
          null,
          null,
          1,
          0,
          null,
          null,
          null,
          null,
          null,
          1,
          1,
          null,
          null,
          null,
          1,
          null,
          0,
          null,
          null,
          null,
          null,
          null,
          1,
          0,
          null,
          null,
          null,
          null,
          1,
          0,
          null,
          null,
          null,
          null,
          1,
          1,
          null,
          null,
          null,
          null,
          1,
          0,
          null,
          null,
          1,
          0,
          null,
          null,
          1,
          0,
          null,
          null,
          null,
          1,
          1,
          null,
          null,
          null
        ]
      },
      "/Users/lockstep/Desktop/lockstep-sdk-ruby-rails/app/concepts/lockstep/error.rb": {
        "lines": [
          1,
          null,
          null,
          null,
          null,
          1,
          null,
          null,
          null,
          1,
          0,
          0,
          0,
          null,
          0,
          null,
          0,
          null,
          0,
          null,
          0,
          null,
          0,
          null,
          0,
          null,
          0,
          null,
          0,
          null,
          0,
          null,
          0,
          null,
          0,
          null,
          0,
          null,
          0,
          null,
          0,
          0,
          null,
          null,
          null,
          1,
          0,
          null,
          null,
          null
        ]
      },
      "/Users/lockstep/Desktop/lockstep-sdk-ruby-rails/app/concepts/lockstep/exceptions.rb": {
        "lines": [
          1,
          1,
          1,
          1,
          null
        ]
      },
      "/Users/lockstep/Desktop/lockstep-sdk-ruby-rails/app/concepts/lockstep/relation_array.rb": {
        "lines": [
          1,
          1,
          null,
          1,
          15,
          15,
          15,
          15,
          null,
          15,
          15,
          0,
          null,
          null,
          null,
          null,
          1,
          1,
          1,
          null,
          1,
          null,
          null,
          1,
          null,
          2,
          2,
          2,
          2,
          2,
          0,
          0,
          null,
          2,
          2,
          null,
          2,
          null,
          null,
          null,
          null,
          null,
          1,
          1,
          0,
          null,
          null,
          null,
          null,
          1,
          2,
          0,
          0,
          null,
          null,
          2,
          null,
          2,
          2,
          null,
          null,
          1,
          2,
          null,
          null,
          1,
          0,
          0,
          0,
          0,
          null,
          0,
          null,
          null,
          0,
          null,
          null,
          1,
          0,
          0,
          null,
          null,
          1,
          0,
          0,
          0,
          0,
          0,
          null,
          0,
          null,
          0,
          null,
          null,
          1,
          0,
          0,
          null,
          null,
          null
        ]
      },
      "/Users/lockstep/Desktop/lockstep-sdk-ruby-rails/app/concepts/lockstep/api_records/scopes.rb": {
        "lines": [
          1,
          1,
          null,
          1,
          1,
          97,
          null,
          null,
          1,
          7,
          7,
          null,
          null,
          1,
          13,
          13,
          null,
          null,
          null,
          null
        ]
      },
      "/Users/lockstep/Desktop/lockstep-sdk-ruby-rails/app/platform_api/schema/contact.rb": {
        "lines": [
          1,
          null,
          null,
          1,
          null,
          null,
          null,
          null,
          null,
          null,
          null,
          null,
          null,
          1,
          null,
          null,
          null,
          null,
          1,
          null,
          null,
          null,
          null,
          null,
          null,
          null,
          1,
          null,
          null,
          null,
          null,
          null,
          null,
          null,
          null,
          null,
          1,
          null,
          null,
          null,
          1,
          null,
          null,
          null,
          1,
          null,
          null,
          null,
          1,
          null,
          null,
          null,
          1,
          null,
          null,
          null,
          null,
          1,
          null,
          null,
          null,
          1,
          null,
          null,
          null,
          1,
          null,
          null,
          null,
          1,
          null,
          null,
          null,
          1,
          null,
          null,
          null,
          1,
          null,
          null,
          null,
          1,
          null,
          null,
          null,
          1,
          null,
          null,
          null,
          1,
          null,
          null,
          null,
          1,
          null,
          null,
          null,
          1,
          null,
          null,
          null,
          null,
          1,
          null,
          null,
          null,
          null,
          1,
          null,
          null,
          null,
          null,
          1,
          null,
          null,
          null,
          null,
          1,
          null,
          null,
          null,
          null,
          1,
          null,
          null,
          null,
          null,
          1,
          null,
          null,
          null,
          null,
          null,
          null,
          null,
          1,
          null,
          1,
          1,
          1,
          1,
          null,
          1,
          1,
          1,
          1,
          null,
          null
        ]
      },
      "/Users/lockstep/Desktop/lockstep-sdk-ruby-rails/app/helpers/types.rb": {
        "lines": [
          1,
          1,
          null
        ]
      },
      "/Users/lockstep/Desktop/lockstep-sdk-ruby-rails/app/models/lockstep/connection.rb": {
        "lines": [
          1,
          1,
          1,
          1,
          null,
          1,
          null,
          1,
          1,
          1,
          null,
          1,
          null,
          6,
          null,
          1,
          1,
          1,
          null
        ]
      },
      "/Users/lockstep/Desktop/lockstep-sdk-ruby-rails/app/platform_api/schema/company.rb": {
        "lines": [
          1,
          null,
          null,
          1,
          null,
          null,
          null,
          null,
          null,
          null,
          null,
          null,
          null,
          1,
          null,
          null,
          null,
          1,
          null,
          null,
          null,
          null,
          null,
          null,
          null,
          null,
          null,
          1,
          null,
          null,
          null,
          null,
          null,
          null,
          null,
          null,
          null,
          null,
          null,
          null,
          1,
          null,
          null,
          null,
          null,
          null,
          1,
          null,
          null,
          null,
          null,
          null,
          null,
          null,
          1,
          null,
          null,
          null,
          null,
          null,
          1,
          null,
          null,
          null,
          null,
          null,
          null,
          null,
          1,
          null,
          null,
          null,
          null,
          1,
          null,
          null,
          null,
          null,
          null,
          null,
          1,
          null,
          null,
          null,
          1,
          null,
          null,
          null,
          null,
          1,
          null,
          null,
          null,
          1,
          null,
          null,
          null,
          1,
          null,
          null,
          null,
          1,
          null,
          null,
          null,
          1,
          null,
          null,
          null,
          1,
          null,
          null,
          null,
          1,
          null,
          null,
          null,
          1,
          null,
          null,
          null,
          1,
          null,
          null,
          null,
          1,
          null,
          null,
          null,
          1,
          null,
          null,
          null,
          1,
          null,
          null,
          null,
          1,
          null,
          null,
          null,
          1,
          null,
          null,
          null,
          1,
          null,
          null,
          null,
          1,
          null,
          null,
          null,
          null,
          1,
          null,
          null,
          null,
          null,
          1,
          null,
          null,
          null,
          null,
          1,
          null,
          null,
          null,
          null,
          1,
          null,
          null,
          null,
          1,
          null,
          null,
          null,
          1,
          null,
          null,
          null,
          1,
          null,
          null,
          null,
          null,
          1,
          null,
          null,
          null,
          null,
          1,
          null,
          null,
          null,
          null,
          null,
          1,
          null,
          null,
          null,
          null,
          1,
          null,
          null,
          null,
          1,
          null,
          null,
          null,
          1,
          null,
          null,
          null,
          null,
          null,
          null,
          null,
          1,
          null,
          null,
          null,
          null,
          null,
          1,
          null,
          null,
          null,
          null,
          1,
          null,
          1,
          1,
          1,
          1,
          null,
          1,
          1,
          1,
          1,
          1,
          null,
          null
        ]
      },
      "/Users/lockstep/Desktop/lockstep-sdk-ruby-rails/app/models/lockstep/user.rb": {
        "lines": [
          1,
          1,
          1,
          1,
          null,
          null,
          1,
          null,
          1,
          null
        ]
      },
      "/Users/lockstep/Desktop/lockstep-sdk-ruby-rails/app/platform_api/schema/user_account.rb": {
        "lines": [
          1,
          null,
          null,
          1,
          null,
          null,
          null,
          null,
          null,
          null,
          null,
          null,
          null,
          1,
          null,
          null,
          null,
          null,
          null,
          null,
          null,
          1,
          null,
          null,
          null,
          1,
          null,
          null,
          null,
          null,
          1,
          null,
          null,
          null,
          1,
          null,
          null,
          null,
          null,
          1,
          null,
          null,
          null,
          null,
          1,
          null,
          null,
          null,
          null,
          1,
          null,
          null,
          null,
          null,
          1,
          null,
          null,
          null,
          1,
          null,
          null,
          null,
          null,
          1,
          null,
          null,
          null,
          null,
          1,
          null,
          null,
          null,
          null,
          1,
          null,
          null,
          null,
          1,
          null,
          null,
          null,
          1,
          null,
          null,
          null,
          1,
          null,
          null,
          null,
          null,
          1,
          null,
          null,
          null,
          1,
          null,
          null,
          null,
          1,
          null,
          null,
          null,
          1,
          null,
          null,
          null,
          1,
          null,
          null,
          null,
          1,
          null,
          null,
          null,
          1,
          null,
          null,
          null,
          1,
          null,
          null,
          null,
          1,
          null,
          null,
          null,
          1,
          null,
          null,
          null,
          null,
          1,
          null,
          null,
          null,
          null,
          null,
          null,
          1,
          null,
          null,
          null,
          1,
          null,
          1,
          1,
          null,
          1,
          1,
          1,
          null,
          null
        ]
      },
      "/Users/lockstep/Desktop/lockstep-sdk-ruby-rails/app/models/lockstep/account.rb": {
        "lines": [
          1,
          1,
          1,
          1,
          null,
          1,
          null,
          1,
          1,
          1,
          null,
          1,
          null,
          1,
          null
        ]
      },
      "/Users/lockstep/Desktop/lockstep-sdk-ruby-rails/app/models/lockstep/note.rb": {
        "lines": [
          1,
          1,
          1,
          1,
          null,
          1,
          null
        ]
      },
      "/Users/lockstep/Desktop/lockstep-sdk-ruby-rails/app/platform_api/schema/note.rb": {
        "lines": [
          1,
          null,
          null,
          1,
          null,
          null,
          null,
          null,
          null,
          null,
          null,
          1,
          null,
          null,
          null,
          null,
          null,
          null,
          null,
          1,
          null,
          null,
          null,
          1,
          null,
          null,
          null,
          null,
          1,
          null,
          null,
          null,
          1,
          null,
          null,
          null,
          1,
          null,
          null,
          null,
          1,
          null,
          null,
          null,
          null,
          1,
          null,
          null,
          null,
          null,
          1,
          null,
          null,
          null,
          1,
          null,
          null,
          null,
          null,
          null,
          null,
          null,
          1,
          null,
          null,
          null,
          1,
          null,
          1,
          null,
          null,
          null
        ]
      }
    },
    "timestamp": 1659445282
  }
}
