{
  "RSpec": {
    "coverage": {
      "/Users/ashish/Projects/lockstep-sdk-ruby-rails/spec/models/lockstep/active_records/association_spec.rb": {
        "lines": [
          1,
          1,
          null,
          1,
          1,
          null,
          1,
          2,
          2,
          null,
          2,
          2,
          null,
          null,
          2,
          1,
          null,
          null,
          null,
          2,
          1,
          null,
          null,
          null,
          null,
          null,
          3,
          null,
          1,
          1,
          1,
          1,
          1,
          1,
          null,
          null,
          null,
          null,
          1,
          1,
          1,
          1,
          1,
          1,
          null,
          null,
          null,
          null
        ]
      },
      "/Users/ashish/Projects/lockstep-sdk-ruby-rails/spec/rails_helper.rb": {
        "lines": [
          null,
          1,
          1,
          null,
          1,
          null,
          1,
          1,
          1,
          null,
          null,
          null,
          null,
          null,
          null,
          null,
          null,
          null,
          null,
          null,
          null,
          null,
          null,
          null,
          null,
          null,
          1,
          null,
          1,
          null,
          null,
          null,
          null,
          null,
          null,
          null,
          null,
          null,
          null,
          null,
          null,
          null,
          null,
          null,
          null,
          null,
          null,
          null,
          null,
          null,
          1,
          null,
          null,
          1,
          null,
          null,
          null,
          null,
          1,
          1,
          1,
          1,
          47,
          null,
          1,
          47,
          null,
          1,
          47,
          null,
          null
        ]
      },
      "/Users/ashish/Projects/lockstep-sdk-ruby-rails/spec/dummy/config/environment.rb": {
        "lines": [
          null,
          1,
          null,
          null,
          1
        ]
      },
      "/Users/ashish/Projects/lockstep-sdk-ruby-rails/spec/dummy/config/application.rb": {
        "lines": [
          1,
          null,
          1,
          null,
          1,
          1,
          null,
          null,
          1,
          1,
          1,
          1,
          1,
          null,
          1,
          1,
          null,
          1,
          1,
          null,
          1,
          null,
          null,
          null,
          null,
          null,
          null,
          null,
          null
        ]
      },
      "/Users/ashish/Projects/lockstep-sdk-ruby-rails/spec/dummy/config/boot.rb": {
        "lines": [
          null,
          1,
          null,
          1,
          1
        ]
      },
      "/Users/ashish/Projects/lockstep-sdk-ruby-rails/lib/lockstep_rails.rb": {
        "lines": [
          1,
          null,
          1,
          null,
          null
        ]
      },
      "/Users/ashish/Projects/lockstep-sdk-ruby-rails/lib/lockstep_rails/engine.rb": {
        "lines": [
          1,
          1,
          null,
          null
        ]
      },
      "/Users/ashish/Projects/lockstep-sdk-ruby-rails/spec/dummy/config/environments/test.rb": {
        "lines": [
          null,
          null,
          null,
          null,
          null,
          1,
          null,
          null,
          1,
          1,
          null,
          null,
          null,
          null,
          1,
          null,
          null,
          1,
          1,
          null,
          null,
          null,
          null,
          1,
          1,
          1,
          null,
          null,
          1,
          null,
          null,
          1,
          null,
          1,
          null,
          null,
          null,
          null,
          1,
          null,
          null,
          1,
          null,
          null,
          null,
          null
        ]
      },
      "/Users/ashish/Projects/lockstep-sdk-ruby-rails/spec/dummy/config/initializers/application_controller_renderer.rb": {
        "lines": [
          null,
          null,
          null,
          null,
          null,
          null,
          null,
          null
        ]
      },
      "/Users/ashish/Projects/lockstep-sdk-ruby-rails/spec/dummy/config/initializers/backtrace_silencers.rb": {
        "lines": [
          null,
          null,
          null,
          null,
          null,
          null,
          null
        ]
      },
      "/Users/ashish/Projects/lockstep-sdk-ruby-rails/spec/dummy/config/initializers/content_security_policy.rb": {
        "lines": [
          null,
          null,
          null,
          null,
          null,
          null,
          null,
          null,
          null,
          null,
          null,
          null,
          null,
          null,
          null,
          null,
          null,
          null,
          null,
          null,
          null,
          null,
          null,
          null,
          null,
          null,
          null,
          null
        ]
      },
      "/Users/ashish/Projects/lockstep-sdk-ruby-rails/spec/dummy/config/initializers/cookies_serializer.rb": {
        "lines": [
          null,
          null,
          null,
          null,
          1
        ]
      },
      "/Users/ashish/Projects/lockstep-sdk-ruby-rails/spec/dummy/config/initializers/filter_parameter_logging.rb": {
        "lines": [
          null,
          null,
          null,
          1
        ]
      },
      "/Users/ashish/Projects/lockstep-sdk-ruby-rails/spec/dummy/config/initializers/inflections.rb": {
        "lines": [
          null,
          null,
          null,
          null,
          null,
          null,
          null,
          null,
          null,
          null,
          null,
          null,
          null,
          null,
          null,
          null
        ]
      },
      "/Users/ashish/Projects/lockstep-sdk-ruby-rails/spec/dummy/config/initializers/mime_types.rb": {
        "lines": [
          null,
          null,
          null,
          null
        ]
      },
      "/Users/ashish/Projects/lockstep-sdk-ruby-rails/spec/dummy/config/initializers/wrap_parameters.rb": {
        "lines": [
          null,
          null,
          null,
          null,
          null,
          null,
          1,
          1,
          null
        ]
      },
      "/Users/ashish/Projects/lockstep-sdk-ruby-rails/spec/dummy/config/routes.rb": {
        "lines": [
          1,
          null,
          null
        ]
      },
      "/Users/ashish/Projects/lockstep-sdk-ruby-rails/config/routes.rb": {
        "lines": [
          1,
          null
        ]
      },
      "/Users/ashish/Projects/lockstep-sdk-ruby-rails/spec/dummy/app/helpers/application_helper.rb": {
        "lines": [
          1,
          null
        ]
      },
      "/Users/ashish/Projects/lockstep-sdk-ruby-rails/spec/shared/auth.rb": {
        "lines": [
          1,
          5,
          25,
          null,
          null
        ]
      },
      "/Users/ashish/Projects/lockstep-sdk-ruby-rails/spec/models/lockstep/api_record/association_spec.rb": {
        "lines": [
          1,
          1,
          null,
          1,
          1,
          null,
          1,
          1,
          1,
          1,
          1,
          1,
          1,
          1,
          null,
          null,
          null,
          null,
          1,
          1,
          1,
          1,
          1,
          0,
          null,
          null,
          null,
          0,
          0,
          null,
          null,
          null,
          1,
          null,
          null,
          null,
          1,
          1,
          1,
          1,
          1,
          1,
          1,
          1,
          null,
          null,
          1,
          1,
          1,
          1,
          1,
          null,
          null,
          null,
          null,
          1,
          1,
          1,
          1,
          1,
          1,
          1,
          1,
          null,
          null,
          1,
          1,
          1,
          1,
          1,
          null,
          null,
          null,
          null,
          1,
          1,
          null,
          null,
          null,
          1,
          1,
          1,
          1,
          1,
          1,
          null,
          null,
          1,
          1,
          0,
          0,
          null,
          null,
          null,
          null,
          null
        ]
      },
      "/Users/ashish/Projects/lockstep-sdk-ruby-rails/spec/models/lockstep/api_record/auth_spec.rb": {
        "lines": [
          1,
          1,
          null,
          1,
          1,
          null,
          1,
          1,
          1,
          1,
          null,
          null,
          1,
          1,
          1,
          2,
          null,
          null,
          null,
          null,
          1,
          1,
          1,
          1,
          1,
          1,
          1,
          1,
          null,
          null,
          null,
          null,
          null
        ]
      },
      "/Users/ashish/Projects/lockstep-sdk-ruby-rails/spec/models/lockstep/api_record/crud_spec.rb": {
        "lines": [
          1,
          1,
          null,
          1,
          1,
          null,
          1,
          1,
          1,
          1,
          1,
          1,
          1,
          null,
          null,
          null,
          1,
          1,
          2,
          null,
          null,
          null,
          null,
          1,
          1,
          1,
          1,
          1,
          1,
          1,
          null,
          null,
          null,
          1,
          1,
          1,
          null,
          null,
          null,
          null,
          1,
          1,
          1,
          1,
          1,
          1,
          1,
          null,
          null,
          null,
          1,
          1,
          1,
          null,
          null,
          null,
          null,
          1,
          1,
          1,
          1,
          1,
          1,
          1,
          1,
          1,
          null,
          null,
          null,
          null,
          1,
          1,
          1,
          1,
          1,
          null,
          null,
          null,
          null,
          1,
          1,
          1,
          1,
          1,
          1,
          null,
          null,
          null,
          1,
          1,
          1,
          1,
          1,
          1,
          null,
          null,
          null,
          null,
          1,
          1,
          1,
          1,
          1,
          2,
          null,
          null,
          null,
          1,
          1,
          1,
          1,
          1,
          1,
          1,
          1,
          1,
          1,
          1,
          null,
          null,
          null,
          null,
          1,
          1,
          1,
          1,
          1,
          1,
          1,
          1,
          1,
          1,
          null,
          null,
          null,
          null,
          null,
          null,
          null,
          null,
          null,
          null,
          null,
          null,
          null,
          null,
          null,
          null,
          1,
          1,
          1,
          1,
          1,
          1,
          1,
          null,
          null,
          null,
          null,
          1,
          null,
          1,
          1,
          1,
          1,
          1,
          1,
          1,
          null,
          null,
          null,
          null,
          null
        ]
      },
      "/Users/ashish/Projects/lockstep-sdk-ruby-rails/spec/models/lockstep/api_record/data_types_spec.rb": {
        "lines": [

        ]
      },
      "/Users/ashish/Projects/lockstep-sdk-ruby-rails/spec/models/lockstep/api_record/enum_spec.rb": {
        "lines": [
          1,
          null,
          1,
          null,
          1,
          null,
          1,
          1,
          1,
          null,
          1,
          null,
          null,
          null,
          1,
          5,
          5,
          null,
          5,
          null,
          null,
          null,
          1,
          1,
          1,
          1,
          1,
          null,
          null,
          1,
          1,
          1,
          1,
          1,
          null,
          null,
          1,
          1,
          1,
          1,
          1,
          1,
          null,
          null,
          1,
          1,
          1,
          1,
          1,
          1,
          null,
          null,
          1,
          1,
          1,
          1,
          null,
          null,
          1,
          1,
          1,
          1,
          1,
          null,
          null,
          1,
          1,
          1,
          null,
          1,
          1,
          1,
          1,
          1,
          1,
          1,
          null,
          null,
          null,
          null
        ]
      },
      "/Users/ashish/Projects/lockstep-sdk-ruby-rails/spec/models/lockstep/api_record/polymorphic_spec.rb": {
        "lines": [
          1,
          1,
          null,
          1,
          1,
          null,
          1,
          null,
          1,
          1,
          1,
          1,
          1,
          1,
          1,
          null,
          null,
          null,
          null
        ]
      },
      "/Users/ashish/Projects/lockstep-sdk-ruby-rails/spec/models/lockstep/api_record/scopes_spec.rb": {
        "lines": [
          1,
          null,
          1,
          null,
          1,
          5,
          null,
          5,
          5,
          5,
          null,
          10,
          null,
          9,
          8,
          null,
          null,
          null,
          1,
          1,
          1,
          null,
          null,
          null,
          1,
          1,
          1,
          1,
          null,
          null,
          1,
          1,
          1,
          null,
          null,
          null,
          1,
          1,
          1,
          1,
          null,
          null,
          null,
          1,
          1,
          1,
          1,
          1,
          null,
          1,
          1,
          null,
          null,
          null,
          null
        ]
      },
      "/Users/ashish/Projects/lockstep-sdk-ruby-rails/spec/models/lockstep/query_spec.rb": {
        "lines": [
          1,
          null,
          1,
          null,
          1,
          1,
          1,
          null,
          null,
          null,
          null,
          null,
          1,
          1,
          1,
          1,
          1,
          1,
          null,
          null,
          null,
          null
        ]
      },
      "/Users/ashish/Projects/lockstep-sdk-ruby-rails/spec/models/lockstep/relation_array_spec.rb": {
        "lines": [

        ]
      },
      "/Users/ashish/Projects/lockstep-sdk-ruby-rails/app/concepts/lockstep/client.rb": {
        "lines": [
          1,
          1,
          1,
          1,
          null,
          1,
          1,
          null,
          null,
          1,
          1,
          1,
          null,
          1,
          null,
          null,
          1,
          47,
          null,
          null,
          1,
          25,
          25,
          null,
          25,
          null,
          null,
          1,
          92,
          null,
          null,
          null,
          null,
          null,
          null,
          null,
          1,
          44,
          44,
          null,
          0,
          null,
          0,
          null,
          44,
          null,
          null,
          null,
          null,
          null,
          null,
          null,
          1,
          0,
          null,
          0,
          null,
          null,
          null,
          null,
          null,
          null,
          1,
          0,
          null,
          0,
          null,
          null,
          1,
          46,
          null,
          null,
          1,
          91,
          null,
          null,
          null,
          null,
          null,
          null,
          1,
          0,
          null,
          null,
          null,
          null,
          null,
          null,
          1,
          null,
          46,
          46,
          46,
          null,
          null,
          46,
          46,
          null,
          46,
          null,
          34,
          null,
          9,
          null,
          2,
          null,
          0,
          null,
          1,
          null,
          null,
          null,
          46,
          46,
          46,
          46,
          46,
          46,
          46,
          null,
          null,
          46,
          0,
          null,
          null,
          null,
          46,
          45,
          null,
          46,
          0,
          null,
          null,
          null,
          46,
          null,
          null,
          1,
          34,
          null,
          null,
          1,
          9,
          null,
          null,
          1,
          2,
          null,
          null,
          1,
          0,
          null,
          null,
          1,
          1,
          null,
          null,
          1,
          0,
          null,
          null,
          null
        ]
      },
      "/Users/ashish/Projects/lockstep-sdk-ruby-rails/app/concepts/lockstep/active_records/association.rb": {
        "lines": [
          1,
          1,
          null,
          1,
          null,
          null,
          null,
          1,
          1,
          3,
          null,
          null,
          1,
          3,
          null,
          null,
          1,
          2,
          null,
          null,
          null,
          null,
          2,
          1,
          1,
          null,
          1,
          null,
          1,
          1,
          0,
          null,
          1,
          1,
          0,
          0,
          null,
          1,
          1,
          null,
          null,
          1,
          null,
          null,
          null,
          1,
          2,
          null,
          null,
          null,
          null,
          2,
          1,
          1,
          null,
          1,
          null,
          1,
          1,
          0,
          null,
          1,
          null,
          null,
          1,
          null,
          null,
          null,
          null,
          1,
          4,
          null,
          null,
          1,
          6,
          null,
          null,
          null
        ]
      },
      "/Users/ashish/Projects/lockstep-sdk-ruby-rails/app/models/lockstep/contact.rb": {
        "lines": [
          1,
          1,
          1,
          1,
          null,
          1,
          null,
          1,
          null
        ]
      },
      "/Users/ashish/Projects/lockstep-sdk-ruby-rails/app/concepts/lockstep/api_record.rb": {
        "lines": [
          1,
          1,
          1,
          1,
          1,
          1,
          1,
          1,
          1,
          1,
          1,
          1,
          1,
          null,
          1,
          1,
          1,
          null,
          null,
          null,
          null,
          null,
          null,
          null,
          null,
          null,
          1,
          1,
          1,
          1,
          1,
          1,
          1,
          null,
          1,
          null,
          1,
          null,
          1,
          null,
          null,
          null,
          null,
          null,
          1,
          null,
          null,
          67,
          18,
          18,
          null,
          49,
          null,
          67,
          67,
          null,
          67,
          null,
          515,
          98,
          417,
          3,
          null,
          null,
          null,
          67,
          67,
          67,
          null,
          null,
          1,
          955,
          null,
          null,
          1,
          521,
          null,
          null,
          null,
          null,
          null,
          null,
          1,
          380,
          null,
          380,
          380,
          380,
          36,
          null,
          null,
          35,
          4,
          null,
          null,
          35,
          null,
          null,
          380,
          380,
          380,
          0,
          null,
          0,
          null,
          null,
          null,
          null,
          null,
          null,
          null,
          null,
          1,
          0,
          null,
          null,
          1,
          0,
          null,
          null,
          null,
          null,
          null,
          null,
          null,
          1,
          31,
          31,
          31,
          null,
          31,
          31,
          31,
          31,
          31,
          null,
          31,
          31,
          31,
          31,
          null,
          null,
          null,
          null,
          null,
          null,
          null,
          null,
          null,
          null,
          null,
          null,
          null,
          null,
          null,
          null,
          1,
          33,
          33,
          33,
          null,
          33,
          33,
          33,
          33,
          33,
          null,
          33,
          33,
          33,
          33,
          null,
          null,
          null,
          null,
          null,
          null,
          1,
          5,
          185,
          null,
          null,
          5,
          15,
          105,
          15,
          null,
          null,
          5,
          17,
          119,
          17,
          null,
          null,
          null,
          1,
          0,
          0,
          null,
          null,
          1,
          0,
          0,
          0,
          null,
          null,
          null,
          null,
          1,
          578,
          1,
          0,
          null,
          0,
          null,
          null,
          null,
          null,
          1,
          0,
          null,
          null,
          null,
          1,
          2,
          2,
          2,
          2,
          null,
          2,
          2,
          null,
          null,
          2,
          0,
          0,
          0,
          null,
          0,
          0,
          null,
          null,
          0,
          null,
          0,
          null,
          null,
          null,
          null,
          1,
          578,
          0,
          0,
          null,
          null,
          null,
          null,
          1,
          74,
          578,
          578,
          null,
          null,
          null,
          null,
          null,
          null,
          null,
          null,
          null,
          null,
          null,
          null,
          null,
          null,
          null,
          null,
          null,
          null,
          null,
          null,
          null,
          null,
          null,
          null,
          null,
          null,
          null,
          1,
          1,
          null,
          null,
          1,
          120,
          null,
          117,
          null,
          null,
          null,
          1,
          0,
          null,
          null,
          1,
          71,
          null,
          null,
          1,
          5,
          null,
          5,
          null,
          null,
          1,
          1,
          null,
          null,
          1,
          44,
          null,
          null,
          null,
          1,
          44,
          0,
          null,
          null,
          44,
          null,
          44,
          44,
          44,
          44,
          44,
          null,
          null,
          null,
          1,
          0,
          null,
          null,
          null,
          null,
          null,
          1,
          null,
          null,
          null,
          null,
          null,
          null,
          44,
          null,
          null,
          1,
          1,
          null,
          null,
          1,
          34,
          null,
          null,
          null,
          null,
          null,
          null,
          null,
          null,
          null,
          null,
          null,
          null,
          null,
          null,
          null,
          null,
          null,
          null,
          null,
          null,
          null,
          null,
          null,
          null,
          null,
          null,
          null,
          null,
          null,
          null,
          null,
          null,
          null,
          null,
          null,
          null,
          null,
          null,
          null,
          null,
          null,
          1,
          1,
          2,
          null,
          20,
          2,
          null,
          null,
          1,
          null,
          null,
          null,
          null,
          null,
          null,
          null,
          null,
          null,
          null,
          null,
          null,
          null,
          null,
          null,
          1,
          2,
          null,
          null,
          2,
          null,
          2,
          null,
          2,
          4,
          0,
          null,
          null,
          null,
          9,
          null,
          null,
          2,
          null,
          2,
          null,
          null,
          null,
          null,
          null,
          null,
          1,
          0,
          1,
          1,
          0,
          0,
          null,
          null,
          null,
          1,
          1,
          null,
          null,
          null,
          null,
          1,
          null,
          1,
          null,
          null,
          null,
          null,
          null,
          null,
          null,
          null,
          null,
          null,
          null,
          null,
          null,
          null,
          null,
          null,
          null,
          null,
          null,
          null,
          null,
          null,
          null,
          null,
          null,
          null,
          null,
          null,
          null,
          null,
          null,
          null,
          null,
          null,
          null,
          null,
          null,
          null,
          null,
          null,
          null,
          null,
          null,
          null,
          null,
          null,
          null,
          null,
          null,
          1,
          7,
          null,
          7,
          6,
          null,
          5,
          null,
          null,
          null,
          null,
          1,
          4,
          null,
          4,
          4,
          0,
          null,
          null,
          4,
          null,
          null,
          null,
          null,
          1,
          50,
          null,
          null,
          1,
          0,
          null,
          null,
          1,
          0,
          null,
          null,
          1,
          null,
          1,
          0,
          null,
          null,
          null,
          null,
          null,
          null,
          1,
          6,
          6,
          6,
          6,
          null,
          null,
          null,
          null,
          null,
          null,
          null,
          null,
          null,
          1,
          0,
          null,
          null,
          1,
          null,
          null,
          null,
          67,
          null,
          49,
          49,
          539,
          0,
          0,
          null,
          null,
          49,
          49,
          null,
          49,
          null,
          null,
          1,
          19,
          3,
          null,
          16,
          null,
          null,
          null,
          1,
          11,
          null,
          null,
          null,
          1,
          10,
          null,
          null,
          null,
          null,
          1,
          0,
          null,
          null,
          1,
          13,
          13,
          15,
          0,
          15,
          0,
          null,
          15,
          null,
          null,
          13,
          null,
          null,
          1,
          7,
          7,
          7,
          7,
          null,
          0,
          null,
          null,
          null,
          0,
          null,
          null,
          3,
          null,
          null,
          1,
          15,
          7,
          7,
          null,
          null,
          1,
          2,
          null,
          2,
          null,
          null,
          4,
          2,
          2,
          null,
          null,
          null,
          1,
          103,
          10,
          10,
          null,
          10,
          7,
          null,
          7,
          7,
          null,
          null,
          1,
          null,
          null,
          null,
          53,
          null,
          null,
          10,
          null,
          null,
          null,
          1,
          9,
          8,
          null,
          8,
          null,
          8,
          null,
          5,
          1,
          1,
          1,
          1,
          1,
          1,
          1,
          null,
          null,
          null,
          0,
          0,
          0,
          null,
          0,
          null,
          0,
          0,
          0,
          null,
          null,
          null,
          1,
          13,
          13,
          null,
          13,
          null,
          13,
          13,
          13,
          13,
          null,
          null,
          1,
          13,
          13,
          13,
          15,
          null,
          null,
          0,
          0,
          0,
          0,
          0,
          0,
          null,
          null,
          null,
          0,
          null,
          null,
          0,
          0,
          null,
          0,
          0,
          null,
          null,
          null,
          null,
          0,
          0,
          0,
          0,
          0,
          0,
          0,
          null,
          null,
          null,
          0,
          null,
          0,
          null,
          null,
          null,
          0,
          0,
          null,
          null,
          null,
          null,
          null,
          null,
          null,
          null,
          null,
          null,
          null,
          null,
          null,
          13,
          13,
          13,
          null,
          null,
          1,
          0,
          null,
          null,
          1,
          0,
          0,
          null,
          null,
          1,
          1,
          1,
          1,
          1,
          1,
          null,
          0,
          null,
          null,
          1,
          0,
          null,
          0,
          0,
          0,
          0,
          null,
          0,
          null,
          null,
          1,
          0,
          null,
          null,
          1,
          0,
          null,
          null,
          null,
          1,
          216,
          216,
          null,
          null,
          1,
          0,
          0,
          0,
          null,
          null,
          0,
          null,
          null,
          1,
          92,
          92,
          null,
          0,
          0,
          0,
          null,
          0,
          null,
          0,
          null,
          0,
          null,
          0,
          null,
          0,
          null,
          null,
          null,
          0,
          0,
          0,
          null,
          null,
          null,
          null,
          null,
          92,
          11,
          null,
          4,
          null,
          7,
          7,
          null,
          81,
          1,
          null,
          1,
          null,
          0,
          0,
          null,
          null,
          80,
          null,
          null,
          91,
          null,
          null,
          null,
          1,
          0,
          null,
          null,
          1,
          6,
          0,
          null,
          null,
          6,
          null,
          0,
          6,
          0,
          null,
          null,
          6,
          6,
          6,
          null,
          null,
          1,
          146,
          null,
          null,
          1,
          106,
          null,
          null,
          null,
          1,
          2,
          null,
          null,
          1,
          118,
          null,
          null,
          1,
          82,
          null,
          null,
          null,
          1,
          0,
          null,
          null,
          1,
          0,
          null,
          null,
          null,
          1,
          38,
          null,
          3,
          null,
          null,
          1,
          0,
          null,
          0,
          null,
          null,
          1,
          0,
          null,
          null,
          1,
          0,
          null,
          null,
          1,
          0,
          null,
          null,
          1,
          null,
          null,
          null,
          1,
          0,
          0,
          null,
          0,
          null,
          null,
          null,
          1,
          5,
          5,
          null,
          5,
          null,
          5,
          5,
          null,
          4,
          null,
          4,
          0,
          null,
          4,
          null,
          4,
          4,
          null,
          4,
          4,
          1,
          null,
          1,
          null,
          4,
          4,
          null,
          null,
          1,
          1,
          0,
          null,
          1,
          null,
          null,
          null,
          null,
          4,
          4,
          null,
          null,
          null,
          null,
          null,
          null,
          null,
          null,
          null,
          null,
          null,
          null,
          null,
          null,
          null,
          null,
          null,
          null,
          null,
          null,
          null,
          null,
          null,
          null,
          null,
          null,
          null,
          null,
          null,
          null,
          null,
          null,
          1,
          446,
          null,
          null,
          1,
          438,
          null,
          null,
          1,
          8,
          null,
          8,
          3,
          9,
          5,
          5,
          null,
          0,
          null,
          null,
          null,
          24,
          null,
          8,
          8,
          8,
          16,
          2,
          2,
          null,
          1,
          null,
          null,
          16,
          16,
          null,
          null,
          null,
          null,
          null,
          null,
          1,
          7,
          3,
          3,
          null,
          0,
          null,
          null,
          null,
          1,
          0,
          0,
          null,
          0,
          null,
          0,
          null,
          0,
          0,
          0,
          null,
          null,
          null,
          null,
          null,
          1,
          1,
          0,
          null,
          null,
          1,
          0,
          null,
          null,
          null,
          1,
          0,
          null,
          null,
          1,
          0,
          null,
          null,
          null
        ]
      },
      "/Users/ashish/Projects/lockstep-sdk-ruby-rails/app/concepts/lockstep/query.rb": {
        "lines": [
          1,
          1,
          158,
          null,
          null,
          1,
          0,
          null,
          null,
          null,
          null,
          null,
          null,
          1,
          102,
          102,
          102,
          null,
          null,
          1,
          102,
          102,
          102,
          null,
          null,
          1,
          775,
          null,
          null,
          1,
          7,
          7,
          null,
          null,
          null,
          1,
          0,
          0,
          null,
          null,
          null,
          1,
          62,
          61,
          63,
          null,
          null,
          null,
          62,
          62,
          null,
          null,
          null,
          1,
          1,
          1,
          null,
          null,
          null,
          1,
          125,
          125,
          125,
          61,
          63,
          null,
          124,
          null,
          null,
          64,
          null,
          null,
          1,
          27,
          null,
          null,
          27,
          null,
          null,
          null,
          1,
          1,
          1,
          null,
          null,
          null,
          1,
          2,
          2,
          2,
          2,
          null,
          null,
          null,
          null,
          1,
          1,
          1,
          1,
          1,
          1,
          1,
          null,
          0,
          0,
          null,
          null,
          null,
          null,
          null,
          null,
          1,
          0,
          0,
          0,
          null,
          null,
          null,
          null,
          1,
          1,
          1,
          null,
          null,
          null,
          null,
          null,
          null,
          null,
          null,
          null,
          1,
          45,
          45,
          64,
          63,
          7,
          null,
          56,
          58,
          null,
          null,
          1,
          1,
          null,
          null,
          45,
          null,
          null,
          1,
          66,
          22,
          null,
          44,
          null,
          66,
          null,
          null,
          null,
          1,
          null,
          null,
          null,
          null,
          null,
          null,
          null,
          null,
          null,
          null,
          null,
          null,
          1,
          58,
          58,
          58,
          620,
          2,
          2,
          2,
          null,
          null,
          null,
          null,
          58,
          20,
          5,
          53,
          38,
          15,
          5,
          5,
          null,
          null,
          58,
          null,
          null,
          1,
          33,
          33,
          null,
          33,
          33,
          33,
          33,
          33,
          33,
          75,
          33,
          null,
          null,
          1,
          32,
          null,
          null,
          null,
          null,
          null,
          null,
          null,
          32,
          null,
          32,
          null,
          31,
          null,
          null,
          1,
          34,
          null,
          29,
          null,
          29,
          null,
          28,
          null,
          28,
          1,
          null,
          1,
          1,
          null,
          27,
          27,
          27,
          null,
          543,
          49,
          null,
          null,
          null,
          null,
          1,
          27,
          null,
          0,
          null,
          0,
          0,
          0,
          0,
          null,
          0,
          0,
          0,
          0,
          null,
          null,
          null,
          null,
          null,
          0,
          0,
          0,
          0,
          0,
          null,
          0,
          0,
          0,
          null,
          0,
          0,
          0,
          null,
          0,
          0,
          0,
          null,
          null,
          null,
          0,
          null,
          null,
          1,
          1,
          1,
          null,
          1,
          1,
          3,
          3,
          3,
          null,
          3,
          3,
          null,
          3,
          3,
          null,
          2,
          null,
          null,
          1,
          null,
          null,
          1,
          23,
          23,
          null,
          null,
          1,
          0,
          null,
          null,
          1,
          1,
          1,
          null,
          null,
          null,
          null,
          null,
          null,
          1,
          0,
          0,
          0,
          0,
          null,
          null,
          1,
          4,
          4,
          0,
          0,
          null,
          0,
          0,
          null,
          null,
          0,
          4,
          0,
          0,
          null,
          0,
          0,
          null,
          null,
          0,
          null,
          null,
          4,
          4,
          0,
          0,
          null,
          0,
          null,
          null,
          null,
          1,
          0,
          0,
          null,
          0,
          null,
          null,
          null,
          1,
          2,
          null,
          null,
          1,
          null,
          1,
          0,
          0,
          0,
          0,
          0,
          0,
          0,
          0,
          0,
          0,
          null,
          null,
          null,
          null,
          0,
          0,
          0,
          0,
          null,
          null,
          0,
          0,
          null,
          0,
          null,
          null,
          0,
          null,
          null,
          null,
          0,
          null,
          null
        ]
      },
      "/Users/ashish/Projects/lockstep-sdk-ruby-rails/app/concepts/lockstep/query_methods.rb": {
        "lines": [
          null,
          1,
          null,
          1,
          1,
          1,
          1,
          52,
          52,
          10,
          null,
          null,
          52,
          null,
          null,
          1,
          1,
          null,
          null,
          1,
          0,
          null,
          null,
          null,
          null,
          null,
          1,
          1,
          null,
          null,
          null,
          1,
          null,
          0,
          null,
          null,
          null,
          null,
          null,
          1,
          0,
          null,
          null,
          null,
          null,
          1,
          0,
          null,
          null,
          null,
          null,
          1,
          1,
          null,
          null,
          null,
          null,
          1,
          0,
          null,
          null,
          1,
          0,
          null,
          null,
          1,
          0,
          null,
          null,
          null,
          1,
          1,
          null,
          null,
          null
        ]
      },
      "/Users/ashish/Projects/lockstep-sdk-ruby-rails/app/concepts/lockstep/error.rb": {
        "lines": [
          1,
          null,
          null,
          null,
          null,
          1,
          null,
          null,
          null,
          1,
          0,
          0,
          0,
          null,
          0,
          null,
          0,
          null,
          0,
          null,
          0,
          null,
          0,
          null,
          0,
          null,
          0,
          null,
          0,
          null,
          0,
          null,
          0,
          null,
          0,
          null,
          0,
          null,
          0,
          null,
          0,
          0,
          null,
          null,
          null,
          1,
          0,
          null,
          null,
          null
        ]
      },
      "/Users/ashish/Projects/lockstep-sdk-ruby-rails/app/concepts/lockstep/exceptions.rb": {
        "lines": [
          1,
          1,
          1,
          1,
          null
        ]
      },
      "/Users/ashish/Projects/lockstep-sdk-ruby-rails/app/concepts/lockstep/relation_array.rb": {
        "lines": [
          1,
          1,
          null,
          1,
          5,
          5,
          5,
          5,
          null,
          5,
          5,
          0,
          null,
          null,
          null,
          null,
          1,
          1,
          1,
          null,
          1,
          null,
          null,
          1,
          null,
          2,
          2,
          2,
          2,
          2,
          0,
          0,
          null,
          2,
          2,
          null,
          2,
          null,
          null,
          null,
          null,
          null,
          1,
          1,
          0,
          null,
          null,
          null,
          null,
          1,
          2,
          0,
          0,
          null,
          null,
          2,
          null,
          2,
          2,
          null,
          null,
          1,
          2,
          null,
          null,
          1,
          0,
          0,
          0,
          0,
          null,
          0,
          null,
          null,
          0,
          null,
          null,
          1,
          0,
          0,
          null,
          null,
          1,
          0,
          0,
          0,
          0,
          0,
          null,
          0,
          null,
          0,
          null,
          null,
          1,
          0,
          0,
          null,
          null,
          null
        ]
      },
      "/Users/ashish/Projects/lockstep-sdk-ruby-rails/app/concepts/lockstep/api_records/scopes.rb": {
        "lines": [
          1,
          1,
          null,
          1,
          1,
          97,
          null,
          null,
          1,
          7,
          7,
          null,
          null,
          1,
          13,
          13,
          null,
          null,
          null,
          null
        ]
      },
      "/Users/ashish/Projects/lockstep-sdk-ruby-rails/app/platform_api/schema/contact.rb": {
        "lines": [
          1,
          null,
          null,
          1,
          null,
          null,
          null,
          null,
          null,
          null,
          null,
          null,
          null,
          1,
          null,
          null,
          null,
          null,
          1,
          null,
          null,
          null,
          null,
          null,
          null,
          null,
          1,
          null,
          null,
          null,
          null,
          null,
          null,
          null,
          null,
          null,
          1,
          null,
          null,
          null,
          1,
          null,
          null,
          null,
          1,
          null,
          null,
          null,
          1,
          null,
          null,
          null,
          1,
          null,
          null,
          null,
          null,
          1,
          null,
          null,
          null,
          1,
          null,
          null,
          null,
          1,
          null,
          null,
          null,
          1,
          null,
          null,
          null,
          1,
          null,
          null,
          null,
          1,
          null,
          null,
          null,
          1,
          null,
          null,
          null,
          1,
          null,
          null,
          null,
          1,
          null,
          null,
          null,
          1,
          null,
          null,
          null,
          1,
          null,
          null,
          null,
          null,
          1,
          null,
          null,
          null,
          null,
          1,
          null,
          null,
          null,
          null,
          1,
          null,
          null,
          null,
          null,
          1,
          null,
          null,
          null,
          null,
          1,
          null,
          null,
          null,
          null,
          1,
          null,
          null,
          null,
          null,
          null,
          null,
          null,
          1,
          null,
          1,
          1,
          1,
          1,
          null,
          1,
          1,
          1,
          1,
          null,
          null
        ]
      },
      "/Users/ashish/Projects/lockstep-sdk-ruby-rails/app/helpers/types.rb": {
        "lines": [
          1,
          1,
          null
        ]
      },
      "/Users/ashish/Projects/lockstep-sdk-ruby-rails/app/models/lockstep/connection.rb": {
        "lines": [
          1,
          1,
          1,
          1,
          null,
          1,
          null,
          1,
          1,
          1,
          null,
          1,
          null,
          6,
          null,
          1,
          1,
          1,
          null
        ]
      },
      "/Users/ashish/Projects/lockstep-sdk-ruby-rails/app/platform_api/schema/company.rb": {
        "lines": [
          1,
          null,
          null,
          1,
          null,
          null,
          null,
          null,
          null,
          null,
          null,
          null,
          null,
          1,
          null,
          null,
          null,
          1,
          null,
          null,
          null,
          null,
          null,
          null,
          null,
          null,
          null,
          1,
          null,
          null,
          null,
          null,
          null,
          null,
          null,
          null,
          null,
          null,
          null,
          null,
          1,
          null,
          null,
          null,
          null,
          null,
          1,
          null,
          null,
          null,
          null,
          null,
          null,
          null,
          1,
          null,
          null,
          null,
          null,
          null,
          1,
          null,
          null,
          null,
          null,
          null,
          null,
          null,
          1,
          null,
          null,
          null,
          null,
          1,
          null,
          null,
          null,
          null,
          null,
          null,
          1,
          null,
          null,
          null,
          1,
          null,
          null,
          null,
          null,
          1,
          null,
          null,
          null,
          1,
          null,
          null,
          null,
          1,
          null,
          null,
          null,
          1,
          null,
          null,
          null,
          1,
          null,
          null,
          null,
          1,
          null,
          null,
          null,
          1,
          null,
          null,
          null,
          1,
          null,
          null,
          null,
          1,
          null,
          null,
          null,
          1,
          null,
          null,
          null,
          1,
          null,
          null,
          null,
          1,
          null,
          null,
          null,
          1,
          null,
          null,
          null,
          1,
          null,
          null,
          null,
          1,
          null,
          null,
          null,
          1,
          null,
          null,
          null,
          null,
          1,
          null,
          null,
          null,
          null,
          1,
          null,
          null,
          null,
          null,
          1,
          null,
          null,
          null,
          null,
          1,
          null,
          null,
          null,
          1,
          null,
          null,
          null,
          1,
          null,
          null,
          null,
          1,
          null,
          null,
          null,
          null,
          1,
          null,
          null,
          null,
          null,
          1,
          null,
          null,
          null,
          null,
          null,
          1,
          null,
          null,
          null,
          null,
          1,
          null,
          null,
          null,
          1,
          null,
          null,
          null,
          1,
          null,
          null,
          null,
          null,
          null,
          null,
          null,
          1,
          null,
          null,
          null,
          null,
          null,
          1,
          null,
          null,
          null,
          null,
          1,
          null,
          1,
          1,
          1,
          1,
          null,
          1,
          1,
          1,
          1,
          1,
          null,
          null
        ]
      },
      "/Users/ashish/Projects/lockstep-sdk-ruby-rails/app/models/lockstep/user.rb": {
        "lines": [
          1,
          1,
          1,
          1,
          null,
          null,
          1,
          null,
          1,
          null
        ]
      },
      "/Users/ashish/Projects/lockstep-sdk-ruby-rails/app/platform_api/schema/user_account.rb": {
        "lines": [
          1,
          null,
          null,
          1,
          null,
          null,
          null,
          null,
          null,
          null,
          null,
          null,
          null,
          1,
          null,
          null,
          null,
          null,
          null,
          null,
          null,
          1,
          null,
          null,
          null,
          1,
          null,
          null,
          null,
          null,
          1,
          null,
          null,
          null,
          1,
          null,
          null,
          null,
          null,
          1,
          null,
          null,
          null,
          null,
          1,
          null,
          null,
          null,
          null,
          1,
          null,
          null,
          null,
          null,
          1,
          null,
          null,
          null,
          1,
          null,
          null,
          null,
          null,
          1,
          null,
          null,
          null,
          null,
          1,
          null,
          null,
          null,
          null,
          1,
          null,
          null,
          null,
          1,
          null,
          null,
          null,
          1,
          null,
          null,
          null,
          1,
          null,
          null,
          null,
          null,
          1,
          null,
          null,
          null,
          1,
          null,
          null,
          null,
          1,
          null,
          null,
          null,
          1,
          null,
          null,
          null,
          1,
          null,
          null,
          null,
          1,
          null,
          null,
          null,
          1,
          null,
          null,
          null,
          1,
          null,
          null,
          null,
          1,
          null,
          null,
          null,
          1,
          null,
          null,
          null,
          null,
          1,
          null,
          null,
          null,
          null,
          null,
          null,
          1,
          null,
          null,
          null,
          1,
          null,
          1,
          1,
          null,
          1,
          1,
          1,
          null,
          null
        ]
      },
      "/Users/ashish/Projects/lockstep-sdk-ruby-rails/app/models/lockstep/account.rb": {
        "lines": [
          1,
          1,
          1,
          1,
          null,
          1,
          null,
          1,
          1,
          1,
          null,
          1,
          null,
          1,
          null
        ]
      },
      "/Users/ashish/Projects/lockstep-sdk-ruby-rails/app/models/lockstep/note.rb": {
        "lines": [
          1,
          1,
          1,
          1,
          null,
          1,
          null
        ]
      },
      "/Users/ashish/Projects/lockstep-sdk-ruby-rails/app/platform_api/schema/note.rb": {
        "lines": [
          1,
          null,
          null,
          1,
          null,
          null,
          null,
          null,
          null,
          null,
          null,
          1,
          null,
          null,
          null,
          null,
          null,
          null,
          null,
          1,
          null,
          null,
          null,
          1,
          null,
          null,
          null,
          null,
          1,
          null,
          null,
          null,
          1,
          null,
          null,
          null,
          1,
          null,
          null,
          null,
          1,
          null,
          null,
          null,
          null,
          1,
          null,
          null,
          null,
          null,
          1,
          null,
          null,
          null,
          1,
          null,
          null,
          null,
          null,
          null,
          null,
          null,
          1,
          null,
          null,
          null,
          1,
          null,
          1,
          null,
          null,
          null
        ]
      }
    },
    "timestamp": 1665770174
  }
}
